
> eagle-palace-ec@1.0.0 build
> node ./scripts/prisma-generate.js && next build

[prisma-generate] Using schema: prisma/schema.prisma
[prisma-generate] Running `npx prisma generate`...
warn The configuration property `package.json#prisma` is deprecated and will be removed in Prisma 7. Please migrate to a Prisma config file (e.g., `prisma.config.ts`).
For more information, see: https://pris.ly/prisma-config

Prisma schema loaded from prisma/schema.prisma

✔ Generated Prisma Client (v6.16.2) to ./node_modules/@prisma/client in 94ms

Start by importing your Prisma Client (See: https://pris.ly/d/importing-client)

Tip: Interested in query caching in just a few lines of code? Try Accelerate today! https://pris.ly/tip-3-accelerate

[prisma-generate] Prisma client generated successfully.
   ▲ Next.js 15.5.3
   - Environments: .env.local

   Creating an optimized production build ...
 ✓ Compiled successfully in 2.0s
   Linting and checking validity of types ...
   Collecting page data ...
[prisma][diagnostic] NODE_ENV= production DATABASE_URL= postgresql://neondb_owner:***@ep-delicate-resonance-adks122n-pooler.c-2.us-east-1.aws.neon.tech/neondb?sslmode=require&channel_binding=require
[prisma][diagnostic:raw] "postgresql://neondb_owner:npg_TGIJqdZ1ajR5@ep-delicate-resonance-adks122n-pooler.c-2.us-east-1.aws.neon.tech/neondb?sslmode=require&channel_binding=require"
[prisma][diagnostic] NODE_ENV= production DATABASE_URL= postgresql://neondb_owner:***@ep-delicate-resonance-adks122n-pooler.c-2.us-east-1.aws.neon.tech/neondb?sslmode=require&channel_binding=require
[prisma][diagnostic:raw] "postgresql://neondb_owner:npg_TGIJqdZ1ajR5@ep-delicate-resonance-adks122n-pooler.c-2.us-east-1.aws.neon.tech/neondb?sslmode=require&channel_binding=require"
[prisma][diagnostic] NODE_ENV= production DATABASE_URL= postgresql://neondb_owner:***@ep-delicate-resonance-adks122n-pooler.c-2.us-east-1.aws.neon.tech/neondb?sslmode=require&channel_binding=require
[prisma][diagnostic:raw] "postgresql://neondb_owner:npg_TGIJqdZ1ajR5@ep-delicate-resonance-adks122n-pooler.c-2.us-east-1.aws.neon.tech/neondb?sslmode=require&channel_binding=require"
[prisma][diagnostic] NODE_ENV= production DATABASE_URL= postgresql://neondb_owner:***@ep-delicate-resonance-adks122n-pooler.c-2.us-east-1.aws.neon.tech/neondb?sslmode=require&channel_binding=require
[prisma][diagnostic:raw] "postgresql://neondb_owner:npg_TGIJqdZ1ajR5@ep-delicate-resonance-adks122n-pooler.c-2.us-east-1.aws.neon.tech/neondb?sslmode=require&channel_binding=require"
[prisma][diagnostic] NODE_ENV= production DATABASE_URL= postgresql://neondb_owner:***@ep-delicate-resonance-adks122n-pooler.c-2.us-east-1.aws.neon.tech/neondb?sslmode=require&channel_binding=require
[prisma][diagnostic:raw] "postgresql://neondb_owner:npg_TGIJqdZ1ajR5@ep-delicate-resonance-adks122n-pooler.c-2.us-east-1.aws.neon.tech/neondb?sslmode=require&channel_binding=require"
[prisma][diagnostic] NODE_ENV= production DATABASE_URL= postgresql://neondb_owner:***@ep-delicate-resonance-adks122n-pooler.c-2.us-east-1.aws.neon.tech/neondb?sslmode=require&channel_binding=require
[prisma][diagnostic:raw] "postgresql://neondb_owner:npg_TGIJqdZ1ajR5@ep-delicate-resonance-adks122n-pooler.c-2.us-east-1.aws.neon.tech/neondb?sslmode=require&channel_binding=require"
[prisma][diagnostic] NODE_ENV= production DATABASE_URL= postgresql://neondb_owner:***@ep-delicate-resonance-adks122n-pooler.c-2.us-east-1.aws.neon.tech/neondb?sslmode=require&channel_binding=require
[prisma][diagnostic:raw] "postgresql://neondb_owner:npg_TGIJqdZ1ajR5@ep-delicate-resonance-adks122n-pooler.c-2.us-east-1.aws.neon.tech/neondb?sslmode=require&channel_binding=require"
   Generating static pages (0/33) ...
[prisma][diagnostic] NODE_ENV= production DATABASE_URL= postgresql://neondb_owner:***@ep-delicate-resonance-adks122n-pooler.c-2.us-east-1.aws.neon.tech/neondb?sslmode=require&channel_binding=require
[prisma][diagnostic:raw] "postgresql://neondb_owner:npg_TGIJqdZ1ajR5@ep-delicate-resonance-adks122n-pooler.c-2.us-east-1.aws.neon.tech/neondb?sslmode=require&channel_binding=require"
[prisma][diagnostic] NODE_ENV= production DATABASE_URL= postgresql://neondb_owner:***@ep-delicate-resonance-adks122n-pooler.c-2.us-east-1.aws.neon.tech/neondb?sslmode=require&channel_binding=require
[prisma][diagnostic:raw] "postgresql://neondb_owner:npg_TGIJqdZ1ajR5@ep-delicate-resonance-adks122n-pooler.c-2.us-east-1.aws.neon.tech/neondb?sslmode=require&channel_binding=require"
   Generating static pages (8/33) 
   Generating static pages (16/33) 
🔄 CartProvider render: {
  sessionId: undefined,
  status: 'loading',
  itemsCount: 0,
  lastSyncTime: 0,
  hasInitialized: false,
  syncInProgress: false
}
🔄 CartProvider render: {
  sessionId: undefined,
  status: 'loading',
  itemsCount: 0,
  lastSyncTime: 0,
  hasInitialized: false,
  syncInProgress: false
}
🔄 CartProvider render: {
  sessionId: undefined,
  status: 'loading',
  itemsCount: 0,
  lastSyncTime: 0,
  hasInitialized: false,
  syncInProgress: false
}
   Generating static pages (24/33) 
🔄 CartProvider render: {
  sessionId: undefined,
  status: 'loading',
  itemsCount: 0,
  lastSyncTime: 0,
  hasInitialized: false,
  syncInProgress: false
}
🔄 CartProvider render: {
  sessionId: undefined,
  status: 'loading',
  itemsCount: 0,
  lastSyncTime: 0,
  hasInitialized: false,
  syncInProgress: false
}
🔄 CartProvider render: {
  sessionId: undefined,
  status: 'loading',
  itemsCount: 0,
  lastSyncTime: 0,
  hasInitialized: false,
  syncInProgress: false
}
🔄 CartProvider render: {
  sessionId: undefined,
  status: 'loading',
  itemsCount: 0,
  lastSyncTime: 0,
  hasInitialized: false,
  syncInProgress: false
}
🔄 CartProvider render: {
  sessionId: undefined,
  status: 'loading',
  itemsCount: 0,
  lastSyncTime: 0,
  hasInitialized: false,
  syncInProgress: false
}
🔄 CartProvider render: {
  sessionId: undefined,
  status: 'loading',
  itemsCount: 0,
  lastSyncTime: 0,
  hasInitialized: false,
  syncInProgress: false
}
🔄 CartProvider render: {
  sessionId: undefined,
  status: 'loading',
  itemsCount: 0,
  lastSyncTime: 0,
  hasInitialized: false,
  syncInProgress: false
}
🔄 CartProvider render: {
  sessionId: undefined,
  status: 'loading',
  itemsCount: 0,
  lastSyncTime: 0,
  hasInitialized: false,
  syncInProgress: false
}
🔄 CartProvider render: {
  sessionId: undefined,
  status: 'loading',
  itemsCount: 0,
  lastSyncTime: 0,
  hasInitialized: false,
  syncInProgress: false
}
 ✓ Generating static pages (33/33)
   Finalizing page optimization ...
   Collecting build traces ...

Route (app)                                 Size  First Load JS
┌ ○ /                                    1.23 kB         116 kB
├ ○ /_not-found                            998 B         103 kB
├ ƒ /admin                                 206 B         102 kB
├ ƒ /admin/auth/signin                   2.57 kB         117 kB
├ ƒ /admin/auth/signup                   2.32 kB         113 kB
├ ƒ /admin/contact                       1.36 kB         103 kB
├ ƒ /admin/inventory                       957 B         103 kB
├ ƒ /admin/pos                             805 B         103 kB
├ ƒ /admin/sales                           829 B         103 kB
├ ƒ /api/auth/[...nextauth]                206 B         102 kB
├ ƒ /api/auth/register                     206 B         102 kB
├ ƒ /api/cart                              206 B         102 kB
├ ƒ /api/cart/[id]                         206 B         102 kB
├ ƒ /api/cart/migrate                      206 B         102 kB
├ ƒ /api/debug/health                      206 B         102 kB
├ ƒ /api/delivery/create                   206 B         102 kB
├ ƒ /api/delivery/rates                    206 B         102 kB
├ ƒ /api/delivery/webhook                  206 B         102 kB
├ ƒ /api/favorites                         206 B         102 kB
├ ƒ /api/favorites/[id]                    206 B         102 kB
├ ƒ /api/freee/voucher                     206 B         102 kB
├ ƒ /api/inventory/sync                    206 B         102 kB
├ ƒ /api/payments/checkout                 206 B         102 kB
├ ƒ /api/payments/trigger-session          206 B         102 kB
├ ƒ /api/payments/webhook                  206 B         102 kB
├ ƒ /api/products                          206 B         102 kB
├ ƒ /api/products/[id]                     206 B         102 kB
├ ƒ /api/shipments/complete                206 B         102 kB
├ ƒ /api/shipments/register                206 B         102 kB
├ ƒ /api/square/webhook                    206 B         102 kB
├ ƒ /api/stripe/webhook                    206 B         102 kB
├ ƒ /api/test/db                           206 B         102 kB
├ ƒ /api/user                              206 B         102 kB
├ ○ /auth/signup                         1.75 kB         104 kB
├ ƒ /mock-checkout                         206 B         102 kB
├ ƒ /shop                                1.67 kB         120 kB
├ ƒ /shop/auth/signin                    2.39 kB         117 kB
├ ƒ /shop/auth/signup                    2.72 kB         114 kB
├ ƒ /shop/cart                           2.43 kB         118 kB
├ ƒ /shop/checkout                       3.93 kB         119 kB
├ ƒ /shop/checkout/cancel                  206 B         102 kB
├ ƒ /shop/checkout/success                 438 B         116 kB
├ ƒ /shop/mypage                           172 B         105 kB
├ ƒ /shop/mypage/addresses                 206 B         102 kB
├ ƒ /shop/mypage/orders                    206 B         102 kB
├ ƒ /shop/mypage/payment-methods           206 B         102 kB
├ ƒ /shop/mypage/profile                   172 B         105 kB
├ ƒ /shop/producer/[id]                   6.5 kB         125 kB
├ ƒ /shop/producers                        172 B         105 kB
├ ƒ /shop/products                       1.66 kB         120 kB
├ ƒ /shop/products/[id]                  1.86 kB         120 kB
└ ƒ /shop/shipping                       1.78 kB         113 kB
+ First Load JS shared by all             102 kB
  ├ chunks/1255-1ba95d892eb26910.js      45.7 kB
  ├ chunks/4bd1b696-f785427dddbba9fb.js  54.2 kB
  └ other shared chunks (total)          1.94 kB


ƒ Middleware                             61.4 kB

○  (Static)   prerendered as static content
ƒ  (Dynamic)  server-rendered on demand

