
> eagle-palace-ec@1.0.0 start
> next start

   ▲ Next.js 15.5.3
   - Local:        http://localhost:3000
   - Network:      http://192.168.11.9:3000

 ✓ Starting...
 ✓ Ready in 179ms
[webhook] received request: {
  method: 'POST',
  url: 'http://localhost:3000/api/stripe/webhook',
  signature: 'present',
  bodyLength: 3804,
  timestamp: '2025-09-19T13:42:02.545Z'
}
stripe webhook event received: checkout.session.completed {
  eventId: 'evt_1S932WJq9qYoN0enHaiEHTif',
  timestamp: '2025-09-19T13:42:02.548Z',
  databaseUrl: 'configured'
}
[stripe] testing database connection...
[stripe] database connection OK
[stripe] event already processed (skip): evt_1S932WJq9qYoN0enHaiEHTif
prisma:error Error in PostgreSQL connection: Error { kind: Closed, cause: None }
