Checking for new versions...

Getting ready...
Ready! You are using Stripe API Version [2025-08-27.basil]. Your webhook signing secret is whsec_21990249793fd68bda66ea30265a08384ddd1f232abeca3921150ec7a673afe5 (^C to quit)
2025-09-21 11:39:34   --> product.created [evt_1S9dBaR5Z5HEAI0dCwRbacvN]
2025-09-21 11:39:34   --> price.created [evt_1S9dBaR5Z5HEAI0d6dk6ZIzd]
2025-09-21 11:39:35  <--  [200] POST http://localhost:3000/api/payments/webhook [evt_1S9dBaR5Z5HEAI0dCwRbacvN]
2025-09-21 11:39:35  <--  [200] POST http://localhost:3000/api/payments/webhook [evt_1S9dBaR5Z5HEAI0d6dk6ZIzd]
2025-09-21 11:39:36   --> charge.succeeded [evt_3S9dBbR5Z5HEAI0d0WoBGZnk]
2025-09-21 11:39:36  <--  [200] POST http://localhost:3000/api/payments/webhook [evt_3S9dBbR5Z5HEAI0d0WoBGZnk]
2025-09-21 11:39:36   --> payment_intent.succeeded [evt_3S9dBbR5Z5HEAI0d0CTMiqDJ]
2025-09-21 11:39:36  <--  [200] POST http://localhost:3000/api/payments/webhook [evt_3S9dBbR5Z5HEAI0d0CTMiqDJ]
2025-09-21 11:39:36   --> checkout.session.completed [evt_1S9dBcR5Z5HEAI0dBbvSNeJn]
2025-09-21 11:39:37   --> payment_intent.created [evt_3S9dBbR5Z5HEAI0d0V300cw3]
2025-09-21 11:39:37  <--  [200] POST http://localhost:3000/api/payments/webhook [evt_3S9dBbR5Z5HEAI0d0V300cw3]
2025-09-21 11:39:37  <--  [200] POST http://localhost:3000/api/payments/webhook [evt_1S9dBcR5Z5HEAI0dBbvSNeJn]
2025-09-21 11:39:39   --> charge.updated [evt_3S9dBbR5Z5HEAI0d0gSV77lB]
2025-09-21 11:39:39  <--  [200] POST http://localhost:3000/api/payments/webhook [evt_3S9dBbR5Z5HEAI0d0gSV77lB]
2025-09-21 11:54:45   --> product.created [evt_1S9dQHR5Z5HEAI0dHfZDjdbS]
2025-09-21 11:54:46   --> price.created [evt_1S9dQIR5Z5HEAI0dS2F93FLq]
2025-09-21 11:54:46  <--  [200] POST http://localhost:3000/api/payments/webhook [evt_1S9dQHR5Z5HEAI0dHfZDjdbS]
2025-09-21 11:54:46  <--  [200] POST http://localhost:3000/api/payments/webhook [evt_1S9dQIR5Z5HEAI0dS2F93FLq]
2025-09-21 11:54:49   --> charge.succeeded [evt_3S9dQJR5Z5HEAI0d0c3xAmK4]
2025-09-21 11:54:49   --> checkout.session.completed [evt_1S9dQKR5Z5HEAI0dh5RBYc97]
2025-09-21 11:54:49  <--  [200] POST http://localhost:3000/api/payments/webhook [evt_3S9dQJR5Z5HEAI0d0c3xAmK4]
2025-09-21 11:54:49   --> payment_intent.succeeded [evt_3S9dQJR5Z5HEAI0d0muyke0H]
2025-09-21 11:54:49  <--  [200] POST http://localhost:3000/api/payments/webhook [evt_3S9dQJR5Z5HEAI0d0muyke0H]
2025-09-21 11:54:49   --> payment_intent.created [evt_3S9dQJR5Z5HEAI0d0zwpwm8R]
2025-09-21 11:54:49  <--  [200] POST http://localhost:3000/api/payments/webhook [evt_3S9dQJR5Z5HEAI0d0zwpwm8R]
2025-09-21 11:54:49  <--  [200] POST http://localhost:3000/api/payments/webhook [evt_1S9dQKR5Z5HEAI0dh5RBYc97]
2025-09-21 11:54:51   --> charge.updated [evt_3S9dQJR5Z5HEAI0d05lZhFZs]
2025-09-21 11:54:51  <--  [200] POST http://localhost:3000/api/payments/webhook [evt_3S9dQJR5Z5HEAI0d05lZhFZs]
Session expired, reconnecting...

time="Sun, 21 Sep 2025 14:27:49 JST" level=fatal msg="Error while authenticating with Stripe: Post "https://api.stripe.com/v1/stripecli/sessions": dial tcp: lookup api.stripe.com: no such host"
