{"ts":"2025-09-20T11:50:27.686Z","action":"session_retrieved","sessionId":"cs_test_a1lqgIeHNSztdCQYtNNHEWF9kUlKs3PTkT6jMDm60NjfIofycQO8vd05Rq","lineItemsLength":1,"hasMetadata":true}
{"ts":"2025-09-20T11:50:27.715Z","action":"about_to_create_order_items","orderId":"7fa34be2-80c8-407e-a558-643ad3f61ff4","itemsPreview":[{"orderId":"7fa34be2-80c8-407e-a558-643ad3f61ff4","productId":"1666d9d5-7d21-4833-ba7d-fddf7f825063","quantity":2,"unitPrice":1500,"totalPrice":3000}]}
{"ts":"2025-09-20T11:50:27.721Z","action":"created_order_items","orderId":"7fa34be2-80c8-407e-a558-643ad3f61ff4","result":{"count":1}}
{"ts":"2025-09-20T12:23:43.793Z","action":"session_retrieved","sessionId":"cs_test_a1lqgIeHNSztdCQYtNNHEWF9kUlKs3PTkT6jMDm60NjfIofycQO8vd05Rq","lineItemsLength":1,"hasMetadata":true}
{"ts":"2025-09-20T12:23:43.834Z","action":"about_to_create_order_items","orderId":"08cb7b2a-d6b3-47b2-a606-a77878447ea1","itemsPreview":[{"orderId":"08cb7b2a-d6b3-47b2-a606-a77878447ea1","productId":"c5387226-0c61-4cf0-9782-20d3be1d9dc7","quantity":2,"unitPrice":1500,"totalPrice":3000}]}
{"ts":"2025-09-20T12:23:43.844Z","action":"created_order_items","orderId":"08cb7b2a-d6b3-47b2-a606-a77878447ea1","result":{"count":1}}
{"ts":"2025-09-20T12:23:44.356Z","action":"session_retrieved","sessionId":"cs_test_a1lqgIeHNSztdCQYtNNHEWF9kUlKs3PTkT6jMDm60NjfIofycQO8vd05Rq","lineItemsLength":1,"hasMetadata":true}
{"ts":"2025-09-20T12:23:44.377Z","action":"about_to_create_order_items","orderId":"cc256c98-94f3-45e8-9ee5-f6ef441edc49","itemsPreview":[{"orderId":"cc256c98-94f3-45e8-9ee5-f6ef441edc49","productId":"1a9c86b2-e37d-43ea-a2e6-137c8c13affa","quantity":2,"unitPrice":1500,"totalPrice":3000}]}
{"ts":"2025-09-20T12:23:44.384Z","action":"created_order_items","orderId":"cc256c98-94f3-45e8-9ee5-f6ef441edc49","result":{"count":1}}
{"ts":"2025-09-20T12:23:44.867Z","action":"session_retrieved","sessionId":"cs_test_a1lqgIeHNSztdCQYtNNHEWF9kUlKs3PTkT6jMDm60NjfIofycQO8vd05Rq","lineItemsLength":1,"hasMetadata":true}
{"ts":"2025-09-20T12:23:44.889Z","action":"about_to_create_order_items","orderId":"2cf92906-95cb-4f3e-9b56-2015f70a2afe","itemsPreview":[{"orderId":"2cf92906-95cb-4f3e-9b56-2015f70a2afe","productId":"174fceaa-18e5-450b-8bab-5db6093a915b","quantity":2,"unitPrice":1500,"totalPrice":3000}]}
{"ts":"2025-09-20T12:23:44.896Z","action":"created_order_items","orderId":"2cf92906-95cb-4f3e-9b56-2015f70a2afe","result":{"count":1}}
{"ts":"2025-09-20T12:23:45.356Z","action":"session_retrieved","sessionId":"cs_test_a1lqgIeHNSztdCQYtNNHEWF9kUlKs3PTkT6jMDm60NjfIofycQO8vd05Rq","lineItemsLength":1,"hasMetadata":true}
{"ts":"2025-09-20T12:23:45.377Z","action":"about_to_create_order_items","orderId":"f40b168a-7110-4735-8b9e-9702bcd4417e","itemsPreview":[{"orderId":"f40b168a-7110-4735-8b9e-9702bcd4417e","productId":"771f25e3-a71d-456b-a481-82e6423e62d0","quantity":2,"unitPrice":1500,"totalPrice":3000}]}
{"ts":"2025-09-20T12:23:45.384Z","action":"created_order_items","orderId":"f40b168a-7110-4735-8b9e-9702bcd4417e","result":{"count":1}}
{"ts":"2025-09-20T12:23:45.873Z","action":"session_retrieved","sessionId":"cs_test_a1lqgIeHNSztdCQYtNNHEWF9kUlKs3PTkT6jMDm60NjfIofycQO8vd05Rq","lineItemsLength":1,"hasMetadata":true}
{"ts":"2025-09-20T12:23:45.897Z","action":"about_to_create_order_items","orderId":"74d6f7b3-65e2-45f5-98c0-959c34bc32ed","itemsPreview":[{"orderId":"74d6f7b3-65e2-45f5-98c0-959c34bc32ed","productId":"e0c5692b-fe53-48f5-93cb-504a09bdb45e","quantity":2,"unitPrice":1500,"totalPrice":3000}]}
{"ts":"2025-09-20T12:23:45.905Z","action":"created_order_items","orderId":"74d6f7b3-65e2-45f5-98c0-959c34bc32ed","result":{"count":1}}
{"ts":"2025-09-20T12:23:46.371Z","action":"session_retrieved","sessionId":"cs_test_a1lqgIeHNSztdCQYtNNHEWF9kUlKs3PTkT6jMDm60NjfIofycQO8vd05Rq","lineItemsLength":1,"hasMetadata":true}
{"ts":"2025-09-20T12:23:46.394Z","action":"about_to_create_order_items","orderId":"87ac1e0e-bba3-4284-babf-644c9a2956e2","itemsPreview":[{"orderId":"87ac1e0e-bba3-4284-babf-644c9a2956e2","productId":"d134fe0a-15fd-458e-a429-0aa69fdce7a2","quantity":2,"unitPrice":1500,"totalPrice":3000}]}
{"ts":"2025-09-20T12:23:46.400Z","action":"created_order_items","orderId":"87ac1e0e-bba3-4284-babf-644c9a2956e2","result":{"count":1}}
{"ts":"2025-09-20T12:47:57.734Z","action":"session_retrieved","sessionId":"cs_test_a1lqgIeHNSztdCQYtNNHEWF9kUlKs3PTkT6jMDm60NjfIofycQO8vd05Rq","lineItemsLength":1,"hasMetadata":true}
{"ts":"2025-09-20T12:53:02.118Z","action":"session_retrieved","sessionId":"cs_test_a1lqgIeHNSztdCQYtNNHEWF9kUlKs3PTkT6jMDm60NjfIofycQO8vd05Rq","lineItemsLength":1,"hasMetadata":true}
{"ts":"2025-09-21T03:19:48.783Z","action":"session_retrieved_via_payload_fallback","sessionId":"cs_test_a1NltyyP3DbdQuJDuh91VTjpSSByXEqSTnDAgGY4WbN","lineItemsLength":0,"hasMetadata":true}
{"ts":"2025-09-21T03:30:19.730Z","action":"session_retrieved_via_payload_fallback","sessionId":"cs_test_a1NltyyP3DbdQuJDuh91VTjpSSByXEqSTnDAgGY4WbN","lineItemsLength":0,"hasMetadata":true}
{"ts":"2025-09-21T03:46:45.195Z","action":"session_retrieved_via_payload_fallback","sessionId":"cs_test_fallback_1","lineItemsLength":0,"hasMetadata":true}
{"ts":"2025-09-21T03:47:15.108Z","action":"session_retrieved_via_payload_fallback","sessionId":"cs_test_fallback_1","lineItemsLength":0,"hasMetadata":true}
{"ts":"2025-09-21T03:51:42.157Z","action":"session_retrieved_via_payload_fallback","sessionId":"cs_test_fallback_1","lineItemsLength":0,"hasMetadata":true}
{"ts":"2025-09-21T03:58:31.105Z","action":"session_retrieved_via_payload_fallback","sessionId":"cs_test_fallback_1","lineItemsLength":0,"hasMetadata":true}
{"ts":"2025-09-21T04:02:51.065Z","action":"session_retrieved_via_payload_fallback","sessionId":"cs_test_fallback_1","lineItemsLength":0,"hasMetadata":true}
{"ts":"2025-09-21T04:04:54.730Z","action":"session_retrieved_via_payload_fallback","sessionId":"cs_test_fallback_1","lineItemsLength":0,"hasMetadata":true}
{"ts":"2025-09-21T04:06:22.724Z","action":"session_retrieved_via_payload_fallback","sessionId":"cs_test_fallback_1","lineItemsLength":0,"hasMetadata":true}
{"ts":"2025-09-21T04:07:27.035Z","action":"session_retrieved_via_payload_fallback","sessionId":"cs_test_fallback_1","lineItemsLength":0,"hasMetadata":true}
{"ts":"2025-09-21T04:18:53.187Z","action":"session_retrieved_via_payload_fallback","sessionId":"cs_test_fallback_1","lineItemsLength":0,"hasMetadata":true}
{"ts":"2025-09-21T04:26:38.883Z","action":"session_retrieved","sessionId":"cs_test_1","lineItemsLength":0,"hasMetadata":true}
{"ts":"2025-09-21T04:26:38.885Z","action":"session_retrieved_via_payload_fallback","sessionId":"cs_test_fallback","lineItemsLength":0,"hasMetadata":true}
{"ts":"2025-09-21T04:26:39.049Z","action":"session_retrieved_via_payload_fallback","sessionId":"cs_test_fallback_1","lineItemsLength":0,"hasMetadata":true}
{"ts":"2025-09-21T04:27:24.256Z","action":"session_retrieved","sessionId":"cs_test_1","lineItemsLength":0,"hasMetadata":true}
{"ts":"2025-09-21T04:27:24.258Z","action":"session_retrieved_via_payload_fallback","sessionId":"cs_test_fallback","lineItemsLength":0,"hasMetadata":true}
{"ts":"2025-09-21T04:27:24.352Z","action":"session_retrieved_via_payload_fallback","sessionId":"cs_test_fallback_1","lineItemsLength":0,"hasMetadata":true}
{"ts":"2025-09-21T04:28:54.995Z","action":"session_retrieved","sessionId":"cs_test_1","lineItemsLength":0,"hasMetadata":true}
{"ts":"2025-09-21T04:28:54.996Z","action":"session_retrieved_via_payload_fallback","sessionId":"cs_test_fallback","lineItemsLength":0,"hasMetadata":true}
{"ts":"2025-09-21T04:28:55.096Z","action":"session_retrieved_via_payload_fallback","sessionId":"cs_test_fallback_1","lineItemsLength":0,"hasMetadata":true}
{"ts":"2025-09-21T04:31:05.542Z","action":"session_retrieved","sessionId":"cs_test_1","lineItemsLength":0,"hasMetadata":true}
{"ts":"2025-09-21T04:31:05.544Z","action":"session_retrieved_via_payload_fallback","sessionId":"cs_test_fallback","lineItemsLength":0,"hasMetadata":true}
{"ts":"2025-09-21T04:31:05.648Z","action":"session_retrieved_via_payload_fallback","sessionId":"cs_test_fallback_1","lineItemsLength":0,"hasMetadata":true}
